<?xml version="1.0" encoding="UTF-8"?>
<!-- Generated by org.testng.reporters.JUnitXMLReporter -->
<testsuite ignored="1" hostname="LAPTOP-Q8GFA9DS" failures="1" tests="1" name="Test(failed)" time="11.527" errors="0" timestamp="2023-04-05T14:36:52 IST">
  <testcase classname="vtiger.Organization.Tests.CreateOrganizationTest" name="craeteOrgTest" time="4.297">
    <failure type="java.lang.AssertionError" message="null">
      <![CDATA[java.lang.AssertionError: null
at vtiger.Organization.Tests.CreateOrganizationTest.craeteOrgTest(CreateOrganizationTest.java:36)
at java.base/java.util.ArrayList.forEach(ArrayList.java:1511)
... Removed 27 stack frames]]>
    </failure>
  </testcase> <!-- craeteOrgTest -->
  <testcase classname="vtiger.Organization.Tests.CreateOrganizationTest" name="demo" time="0.0">
    <ignored/>
  </testcase> <!-- demo -->
</testsuite> <!-- Test(failed) -->
